[    0.000000] Linux version 4.15.0-70-generic (buildd@lgw01-amd64-055) (gcc version 7.4.0 (Ubuntu 7.4.0-1ubuntu1~18.04.1)) #79-Ubuntu SMP Tue Nov 12 10:36:11 UTC 2019 (Ubuntu 4.15.0-70.79-generic 4.15.18)
[    0.000000] Command line: BOOT_IMAGE=/boot/vmlinuz-4.15.0-70-generic root=LABEL=cloudimg-rootfs ro console=tty1 console=ttyS0
[    0.000000] KERNEL supported cpus:
[    0.000000]   Intel GenuineIntel
[    0.000000]   AMD AuthenticAMD
[    0.000000]   Centaur CentaurHauls
[    0.000000] x86/fpu: Supporting XSAVE feature 0x001: 'x87 floating point registers'
[    0.000000] x86/fpu: Supporting XSAVE feature 0x002: 'SSE registers'
[    0.000000] x86/fpu: Supporting XSAVE feature 0x004: 'AVX registers'
[    0.000000] x86/fpu: xstateoffset[2]:  576, xstate_sizes[2]:  256
[    0.000000] x86/fpu: Enabled xstate features 0x7, context size is 832 bytes, using 'standard' format.
[    0.000000] e820: BIOS-provided physical RAM map:
[    0.000000]BIOS-e820: [mem 0x0000000000000000-0x000000000009fbff] usable
[    0.000000] BIOS-e820: [mem 0x000000000009fc00-0x000000000009ffff] reserved
[   .000000] BIOS-e820: [mem 0x00000000000f0000-0x000000000000fffff] reserved
[   0.000000] BIOS-e820: [mem 0x0000000000100000-0x000000007ffeffff] usable
[    0.000000] BIOS-e820: [mem 0x000000007fff0000-0x000000007fffffff] ACPI data
[    0.000000] BIOS-e820: [mem 0x00000000fec00000-0x00000000fec00fff] reserved
[    0.000000] BIOS-e820: [mem 0x00000000fee00000-0x00000000fee00fff] reserved
[    0.000000] BIOS-e820: [mem 0x00000000fffc0000-0x00000000ffffffff] reserved
[    0.000000] NX (Execute Disable) protection: active
[    0.000000 SMBIOS 2.5 present.
[    0.000000] DMI: innotek GmbH VirtualBox/VirtualBox, BIOS VirtualBox 12/01/2006
[    0.000000] Hypervisor detected: KVM
[    0.000000] e820: last_pfn = 0x7fff0 max_arch_pfn = 0x400000000
[    0.000000] MTRR: Disabled
[    0.000000] x86/PAT: MTRRs disabled, skipping PAT initialization too.
[   0.000000] CPU MTRRs all blank - virtualized system.
[    0.000000] x86/PAT: Configuration [0-7]: WB  WT  UC- UC  WB  WT  UC- UC  
[    0.000000] found SMP MP-table at [mem 0x0009fff0-0x0009ffff]
[    0.000000] Scanning 1 areas for low memory corruption
[    0.000000] RAMDISK: [mem 0x35a89000-0x36d3bfff]
[    0.000000] ACPI: Early table checksum verification disabled
[    0.000000] ACPI: RSDP 0x00000000000E0000 000024 (v02 VBOX  )
[    0.000000] ACPI: XSDT 0x000000007FFF0030 00003C (v01 VBOX   VBXXSDT 00000001 ASL  00000061)
[    0.000000] ACPI: FACP 0x000000007FFF00F0 0000F (v04 VBOX   VBOXFACP 00000001 ASL  00000061)
[    0.000000] ACPI: DSDT x000000007FFF0480 0021FF (v02 VBOX   VBOXBIOS 00000002 INTL 20100528)
[    0.000000] ACPI: FACS 0x000000007FFF0200 000040
[    0.000000] ACPI: FACS 0x000000007FFF0200 000040
[    0.000000] ACPI: APIC 0x000000007FFF0240 00006C (v02 VBOX   VBOXAPIC 00000001 ASL  00000061)
[    0.000000] ACPI: SSDT 0x000000007FFF02B0 0001C (v01 VBOX   VBOXCPUT 00000002 INTL 20100528)
[   0.000000] No NUMA confiuration found
[    0.000000] Faking a node at [mem 0x0000000000000000-0x000000007ffeffff]
[    0.000000] NODE_DATA(0) allocated [mm 0x7ffc5000-0x7ffeffff]
[    0.000000] kvm-clock: cpu 0, msr 0:7ff44001, primarycpu clock
[    0.000000] kvm-clock: Using msrs 4b564d01 and 4b564d00
[    0.000000]vmm-clock: using sched offset of 5095444456 cycles
[   0.000000] clocksource: kvm-clock: mask: 0xffffffffffffffff max_cycles: 0x1cd42e4dffb, max_idle_ns: 881590591483 ns
[    0.000000] Zone ranges:
[   .000000]   DMA       [mem 0x0000000000001000-0x0000000000ffffff]
[    0.000000]   DMA32   [mem 0x000000000000000-0x00000007ffeffff]
[   0.00000]   Normal   empty
    0.000000]   Device   empty
[    0.000000] Movable zone start for each node
[    0.000000] Early memory node ranges
[    .000000]   node   0: [mem 0x0000000000001000-0x000000000009efff]
[   0.000000]   node   0: [mem x0000000000100000-0x000000007ffeffff]
[    0.000000] Reserved but unavailable: 98 pages
[    0.000000] Initmem setup node 0 [mem 0x0000000000001000-0x000000007ffeffff]
[    0.000000] ACPI: PM-Timer IO Port: 0x4008
[    0.000000] OAPC[0]: apic_id 4, version 32, address 0xfec00000, GSI 0-23
[    0.000000] ACPI: INT_SRC_OVR (bus 0 bus_rq 0 global_irq 2 dfl dfl)
[    0.000000] ACPI: INT_SRC_OVR (bus 0 bus_irq 9 globl_irq 9 low level)
[    0.000000] Using ACPI (MADT) for SMP configuration informattion
[    0.000000] smpboot: Allowing 4 CPUs, 0 hotplug CPUs
[    0.000000] PM: Registered osave memory: [mem 0x00000000-0x00000fff]
[    0.000000] PM: Registered nosave memory: [mem 0x0009f000-0x0009ffff]
[    0.000000] PM: Registered nosave memory: [mem 0x000a0000-0x000effff]
[    0.000000] PM: Registered nosave memory: [mem 0x000f0000-0x000fffff]
[    0.000000] e820: [mem 0x80000000-0xfebfffff] available for PCI devices
[    0.000000] Booting paravirtualized kernel on KVM
[    0.000000] clocksource: refined-jiffies: mask: 0xffffffff max_cycles: 0xffffffff, max_idle_ns: 764551960021568 ns
[    0.000000] random: et_random_bytes called from start_kernel+0x99/0x4fd with crng_init=0
[    0.000000] setup_percpu: NR_CPUS:8192 nr_cpumask_bits:4 nr_cpu_ids:4 nr_node_ids:1
[    0.000000] ercpu: Embedded 45 pages/cpu s147456 r8192 d28672 u524288
[    0.000000] PV qspinlock hash table entries: 256 (order: 0, 4096 byts)
[    0.000000] Built 1 zoneists,, mobility grouping on.  Total pages: 515961
[    0.000000] Policy zone: DMA32
[    0.000000] Kernel ommand line: BOOT_IMAGE=/boot/vmlinuz-4.15.0-70-generic root=LABEL=cloudimg-rootfs ro console=tty1 console=ttyS0
[    0.000000] Memory: 2015272K/2096696 available (12300K kernel code, 2481K rwdata, 4264K rodata, 2432K init, 2388K bss, 81424K reserved, 0K cma-reserved)
[    0.000000] SLUB: HWalign=64, Order=0-3, MinObjects=0, CPUs=4, Nodes=1
[    0.000000] Kernel/User page tables isolation: enabled
[    0.000000] ftrace: allocating 39315 entries in 154 pages
[    0.004000] Hierarchical RCU implementation.
[   0.004000] 	RCU restricting CPUs from NR_CPUS=8192 to nr_cpu_ids=4.
[    0.004000] 	Tasks RCU enabled.
[    0.004000] RCU: Adjusting geometry for rcu_fanout_leaf=16, nr_cpu_ids=4
[    0.004000] NR_IRQS: 524544, nr_irqs: 456, preallocated irqs: 16
[    0.004000] Console: colour VGA+ 80x25
[   0.004000] console [tty1] enabled
[    0.004000] console [ttyS0] enabled
[    0.004000] ACPI: Core revision 20170831
[    0.004000] ACPI: 2 ACPI AML tables successfully acquired and loaded
[    0.004000] APIC: Switch to symmetric I/O mode setup
[   0.004000] x2apic enabled
[    0.004011] Switched APIC routing to physical x2apic.
[    0.010065] ..TIMER: vector=0x30 apic1=0 pin1=2 apic2=-1 pin2=-1
[    0.012010] tsc: Detected 2394.542 MHz processor
[    0.016017] Calibrating delay loop (skipped) preset value.. 4789.08 BogoMIPS (lpj=9578168)
[    0.020012] pid_max: default: 32768 minimum: 301
[    0.024075] Security Framework initialized
[    0.028017] Yama: becoming mindful.
[    0.032072] AppArmor: AppArmor initialized
[    0.039124] Dentry cache hash table entries: 262144 (order: 9, 2097152 bytes)
[    0.044115] Inode-cache hash table entries: 131072 (order: 8, 1048576 bytes)
[    0.048052] Mount-cache hash table entries: 4096 (order: 3, 32768 bytes)
[    0.052028] Mountpoint-cache hash table entries: 4096 (order: 3, 32768 bytes)
[    0.060044] Last level iTLB entries: 4KB 512, 2MB 8, 4MB 8
[    0.064011] Last level dTLB entries: 4KB 512, 2MB 32, 4MB 32, 1GB 0
[    0.068013] Spectre V1 : Mitigation: usercopy/swapgs barriers and __user pointer sanitization
[    0.072013] Spectre V2 : Mitigation: Full generic retpoline
[    0.076039] Spectre V2 : Spectre v2 / SpectreRSB mitigation: Filling RSB on context switch
[    0.080013] Speculative Store Bypass: Vulnerable
[    0.084069] MDS: Mitigation: Clear CPU buffers
[    0.088248] Freeing SMP alternatives memory: 36K
[    0.206168] smpboot: CPU0: Intel(R) Core(TM) i5-2435M CPU @ 2.40GHz (family: 0x6, model: 0x2a, stepping: 0x7)
[    0.208124] Performance Events: unsupported p6 CPU model 42 no PMU driver, software events only.
[    0.212100] Hierarchical SRCU implementation.
[    0.216646] NMI watchdog: Perf event create on CPU 0 failed with -2
[    0.220009] NMI watchdog: Perf NMI watchdog permanently disabled
[    0.224123] smp: Bringing up secondary CPUs ...
[    0.228155] x86: Booting SMP configuration:
[    0.232008] .... node  #0, CPUs:      #1
[    0.004000] kvm-clock: cpu 1, msr 0:7ff44041, secondary cpu clock
[    0.256158]  #2
[    0.004000] kvm-clock: cpu 2, msr 0:7ff44081, secondary cpu clock
[    0.268365]  #3
[    0.004000] kvm-clock: cpu 3, msr 0:7ff440c1, secondary cpu clock
[    0.276220] smp: Brought up 1 node, 4 CPUs
[    0.278548] smpboot: Max logical packages: 1
[    0.280008] smpboot: Total of 4 processors activated (19156.33 BogoMIPS)
[    0.284263] devtmpfs: initialized
[    0.288050] x86/mm: Memory block size: 128MB
[    0.292311] evm: security.selinux
[    0.293952] evm: security.SMACK64
[    0.296003] evm: security.SMACK64EXEC
[    0.298633] evm: security.SMACK64TRANSMUTE
[    0.300010] evm: security.SMACK64MMAP
[    0.304006] evm: security.apparmor
[    0.305736] evm: security.ima
[    0.308007] evm: security.capability
[    0.314347] clocksource: jiffies: mask: 0xffffffff max_cycles: 0xffffffff, max_idle_ns: 7645041785100000 ns
[    0.316039] futex hash table entries: 1024 (order: 4, 65536 bytes)
[    0.320143] pinctrl core: initialized pinctrl subsystem
[    0.324317] RTC time: 20:42:31, date: 12/04/19
[    0.328511] NET: Registered protocol family 16
[    0.330757] audit: initializing netlink subsys (disabled)
[    0.332062] audit: type=2000 audit(1575492155.010:1): state=initialized audit_enabled=0 res=1
[    0.336013] cpuidle: using governor ladder
[    0.340032] cpuidle: using governor menu
[    0.344082] ACPI: bus type PCI registered
[    0.348011] acpiphp: ACPI Hot Plug PCI Controller Driver version: 0.5
[    0.352318] PCI: Using configuration type 1 for base access
[    0.357493] HugeTLB registered 2.00 MiB page size, pre-allocated 0 pages
[    0.360295] ACPI: Added _OSI(Module Device)
[    0.364006] ACPI: Added _OSI(Processor Device)
[    0.366076] ACPI: Added _OSI(3.0 _SCP Extensions)
[    0.368006] ACPI: Added _OSI(Processor Aggregator Device)
[    0.370390] ACPI: Added _OSI(Linux-Dell-Video)
[    0.372014] ACPI: Added _OSI(Linux-Lenovo-NV-HDMI-Audio)
[    0.374832] ACPI: Added _OSI(Linux-HPI-Hybrid-Graphics)
[    0.380620] ACPI: Executed 1 blocks of module-level executable AML code
[    0.388935] ACPI: Interpreter enabled
[    0.391833] ACPI: (supports S0 S5)
[    0.392011] ACPI: Using IOAPIC for interrupt routing
[    0.396470] PCI: Using host bridge windows from ACPI; if necessary, use "pci=nocrs" and report a bug
[    0.400339] ACPI: Enabled 2 GPEs in block 00 to 07
[    0.416626] ACPI: PCI Root Bridge [PCI0] (domain 0000 [bus 00-ff])
[    0.420000] acpi PNP0A03:00: _OSC: OS supports [ASPM ClockPM Segments MSI]
[    0.420037] acpi PNP0A03:00: _OSC: not requesting OS control; OS requires [ExtendedConfig ASPM ClockPM MSI]
[    0.424025] acpi PNP0A03:00: fail to add MMCONFIG information, can't access extended PCI configuration space under this bridge.
[    0.428718] PCI host bridge to bus 0000:00
[    0.432010] pci_bus 0000:00: root bus resource [io  0x0000-0x0cf7 window]
[    0.436012] pci_bus 0000:00: root bus resource [io  0x0d00-0xffff window]
[    0.440015] pci_bus 0000:00: root bus resource [mem 0x000a0000-0x000bffff window]
[    0.444010] pci_bus 0000:00: root bus resource [mem 0x80000000-0xfdffffff window]
[    0.448013] pci_bus 0000:00: root bus resource [bus 00-ff]
[    0.460720] pci 0000:00:01.1: legacy IDE quirk: reg 0x10: [io  0x01f0-0x01f7]
[    0.464007] pci 0000:00:01.1: legacy IDE quirk: reg 0x14: [io  0x03f6]
[    0.467380] pci 0000:00:01.1: legacy IDE quirk: reg 0x18: [io  0x0170-0x0177]
[    0.468054] pci 0000:00:01.1: legacy IDE quirk: reg 0x1c: [io  0x0376]
[    0.536346] pci 0000:00:07.0: quirk: [io  0x4000-0x403f] claimed by PIIX4 ACPI
[    0.539391] pci 0000:00:07.0: quirk: [io  0x4100-0x410f] claimed by PIIX4 SMB
[    0.562546] ACPI: PCI Interrupt Link [LNKA] (IRQs 5 9 10 *11)
[    0.564507] ACPI: PCI Interrupt Link [LNKB] (IRQs 5 9 *10 11)
[    0.568223] ACPI: PCI Interrupt Link [LNKC] (IRQs 5 *9 10 11)
[    0.572204] ACPI: PCI Interrupt Link [LNKD] (IRQs 5 9 10 *11)
[    0.576595] SCSI subsystem initialized
[    0.580121] pci 0000:00:02.0: vgaarb: setting as boot VGA device
[    0.584000] pci 0000:00:02.0: vgaarb: VGA device added: decodes=io+mem,owns=io+mem,locks=none
[    0.584016] pci 0000:00:02.0: vgaarb: bridge control possible
[    0.588008] vgaarb: loaded
[    0.592186] ACPI: bus type USB registered
[    0.596062] usbcore: registered new interface driver usbfs
[    0.600039] usbcore: registered new interface driver hub
[    0.602278] usbcore: registered new device driver usb
[    0.604161] EDAC MC: Ver: 3.0.0
[    0.608889] PCI: Using ACPI for IRQ routing
[    0.612533] NetLabel: Initializing
[    0.614238] NetLabel:  domain hash size = 128
[    0.616004] NetLabel:  protocols = UNLABELED CIPSOv4 CALIPSO
[    0.618343] NetLabel:  unlabeled traffic allowed by default
[    0.620228] clocksource: Switched to clocksource kvm-clock
[    0.640992] VFS: Disk quotas dquot_6.6.0
[   0.642969] VFS: Dquot-cache hash tableentries: 512 (order 0, 4096 bytes)
[    0.702988] AppArmor: AppArmor Filesystem Enabled
[    0.704796] pnp: PnP ACPI init
[    0.708290] pnp: PnP ACPI: found 3 devices
    0.726899] clocksource: acpi_pm: mask: 0xfffff max_cycles: 0xffffff, max_idle_ns: 2085701024 ns
[    0.805561] NET: Registered protocol fami 2
[    0.877783] TCP established hash table entries: 16384 (order: 5, 131072 bytes)
[    0.881819] TCP bind hash table entries: 16384 (order: 6, 262144 bytes)
[    0.885136] TCP: Hash tables configured (established 16384 bind 16384)
[    0.888315] UDP hash table entries: 1024 (order: 3, 32768 bytes)
[    0.890450] UDP-Lite hash table entries: 1024(order: 3, 32768 bytes)
[    0.922153] NET: Registered protocol family 1
[    0.924531] pci 0000:00:00.0: Limiting direct PCI/PCI transfers
[    0.927847] pci 0000:00:01.0: Activating ISA DMA hang workarounds
[    0.931626] pci 0000:00:02.0: Video devicwith shadowed ROM at [mem 0x000c0000-0x000dffff]
[    1.026670] Unpacking initramfs...

[   .474605] Freeing initrd memory: 19148K
[    1.533407] clocksource: tsc: mask: 0xffffffffffffffff max_cycles: 0x228413a6d4b, max_idle_ns: 440795253073 ns
[    1.536913] platform rtc_cmos: registered platform RTC device (no PNP device found)
[    1.539592] Scanning for low memory corruption every 60 seconds
[    1.542745] Initialise system trusted keyrings
[    1.544481] Key type blacklist regisered
[    1.573332] workingset: timestamp_bits=36 max_order=19 bucket_order=0
[   1.576778] zbud: loaded

[    1.606955] squashfs: version 4.0 (2009/01/31) Phillip Lougher
[   1.611052] fuse init (API version 7.26)
[    1.651571] Key type asymmetric registered
[    1.653207] Asymmetric key parser 'x509' registered
[    1.655132] Block layer SCSI generic (bsg) driver version 0.4 loaded (major 246)

[    1.658279] io scheduler noop registered
[    1.659827] io scheduler deadline registered
[    1.662880] io scheduler cfq registered (default)
[    1.665641] ACPI: AC Adapter [AC] (off-line)
[    1.667319] input: Power Button as /devices/LNXSYSTM:00/LNXPWRBN:00/input/input0
[    1.670196] ACPI: Power Button [PWRF]
[    1.671634] input: Sleep Button as /devices/LNXSYSTM:00/LNXSLPBN:00/input/input1
[    1.674894] ACPI: Sleep Button [SLPF]
[    1.676964] Serial: 8250/16550 driver, 32 ports, IRQ sharing enabled
[    1.678836] ACPI: Batry Slot [BAT0] (battery present)
[   1.766370] 00:02: ttyS0 at I/O 0x3f8 (irq = 4, base_baud = 115200) is a 16550A
[   1.802091] Linux agpgart interface v0.103

[    1.833469] loop: module loaded
[    1.838715] scsi host0: ata_piix
[    1.840339] scsi host1: ata_piix
[    1.841598] ata1: PATA max UDMA/33 cmd 0x1f0 ctl 0x3f6 bmdma 0xd000 irq 14
[    1.843949] ata2: PATA max UDMA/33 cmd 0x170 ctl 0x376 bmdma 0xd008 irq 15
[    1.846535] libphy: Fixed MDIO Bus: probed
[    1.848439] tun: Universal TUN/TAP device driver, 1.6
[    1.850306] PPP generic driver version 2.4.2
[    1.851874] ehci_hcd: USB 2.0 'Enhanced' Host Controller (EHCI) Driver
[    1.854275] ehcpci: EHCI PCI platform driver
[    1.94628] ehci-platform: EHCI generic platform driver
[    1.9471] ohci_hcd: USB.1 'Open' Host Controller (OHCI) Driver
[    2.070447] ohci-pci: OHCI PCI platform driver
[    2.073131] ohci-platform: OHCI generic platform driver
[    2.074959] uhci_hcd: USB Universal Host Controller Interface driver
[    2.077287] i8042: PNP: PS/2 Controller [PNP0303:PS2K,PNP0f03:PS2M] at 0x60,0x64 irq 1,12
[    2.080657] serio: i8042 KBD port at 0x60,0x64 irq 1
[    2.082518] serio: i8042 AUX port at 0x60,0x64 irq 12
[    2.084378] mousedev: PS/2 mouse device common for all mice
[    2.087485] rtc_cmos rtc_cmos: rtc core: registered rtc_cmos as rtc0
[    2.090744] rtc_cmos rtc_cmos: alarms up to one day, 114 bytes nvram
[    2.094022] input: AT Translated Set 2 keyboard as /devices/platform/i8042/serio0/input/input2
[    2.098753] i2c /dev entries driver
[    2.100851] device-mapper: uevent:version 1.0.3
[    2.132996] device-mapper: ioctl: 4.37.0-ioctl (2017-09-20) initialised: dm-devel@redhat.com

[    2.139422] ledtrig-cpu: registered to indicate activity on CPUs
[    2.145713] NET: Registered protocol family 10
[    2.165368] Segment Routing with IPv6
[    2.218508] NET: Registered protocol family 17
[    2.275651] Key type dns_resolver registered
[    2.302492] mce: Using 0 MCE banks
[    2.328150] RAS: Correctable Errors collector initialized.
[    2.330098] sched_clock: Marking stable (2328113236, 0)->(5155207102, -2827093866)
[    2.352309] registered taskstats version 1
[    2.365987] Loading compiled-in X.509 certificates
[    2.379332] Loaded X.509 cert 'Build time autogenerated kernel key: 1859b0531897959199376c446a0bd70df75fd1fc'[    2.447719] zswap: loaded using pool lzozbud
[    2.549263] Key type big_key registered
[    2.550805] Key type trusted registered
[    2.555537] Key type encrypted registered
[    2.558230] AppArmor: AppArmor sha1 policy hashing enabled
[    2.561048] ima: No TPM chip found, activating TPM-bypass! (rc=-19)
[    2.563694]ima: Allocated hash algorithm: sha1
[    2.595623] evm: HMAC attrs: 0x1
[   2.597774]   Magic number: 15:144:750
[    2.629535] ata_link link1: hash matches
[    2.631472]  link1: hash matches
[    2.632968] tty ttyS1: hash matches

[    2.635791] rtc_cmos rtc_cmos: setting system clock to 2019-12-04 20:42:33 UTC (1575492153)
[   2.640530] BIOS EDD facility v0.16 2004-Jun-25, 0 devices found
[    2.674424] EDD information not available.

[    2.679827] Freeing unused kernel image memory: 2432K
[    3.039477] Write protecting the kernel read-only data: 20480k
[    3.551450] Freeing unused kernel image memory: 2008K
[    3.555202] Freeing unused kernel image memory: 1880K
[    3.567078] x86/mm: Checked W+X mappings: passed, no W+X pages found.
[    3.571689] x86/mm: Checking user space page tables
[    4.079076] x86/mm: Checked W+X mappings: passed, no W+X pages found.
Loading, please wait...
starting version 237
[    4.423761] Fusion MPT base driver 3.04.20
[    4.427026] Copyright (c) 1999-2008 LSI Corporation
[    4.430683] e1000: Intel(R) PRO/1000 Network Driver - version 7.3.21-k8-NAPI
[    4.438965] e1000: Copyright (c) 1999-2006 Intel Corporation.
[    4.462362] Fusion MPT SPI Host driver 3.04.20
[    4.521235] AVX version of gcm_enc/dec engaged.
[    4.528516] AES CTR mode by8 optimization enabled
[    4.679710] input: ImExPS/2 Generic Explorer Mouse as /devices/platform/i8042/serio1/input/input4
[    5.104475] e1000 0000:00:03.0 eth0: (PCI:33MHz:32-bit) 02:83:96:c1:64:f9
[    5.257632] e1000 0000:00:03.0 eth0: Intel(R) PRO/1000 Network Connection
[    5.505055] mptbase: ioc0: Initiating bringup
[    5.515264] e1000 0000:00:03.0 enp0s3: renamed from eth0
[    5.612501] ioc0: LSI53C1030 A0: Capabilities={Initiator}
[    8.034270] scsi host2: ioc0: LSI53C1030 A0, FwRev=00000000h, Ports=1, MaxQ=256, IRQ=20
[    8.957384] scsi 2:0:0:0: Direct-Access     VBOX     HARDDISK         1.0  PQ: 0 ANSI: 5
[    9.478769] scsi target2:0:0: Beginning Domain Validation
[    9.530837] scsi target2:0:0: Domain Validation skipping write tests
[   10.091096] scsi target2:0:0: Ending Domain Validation
[   10.094492] scsi target2:0:0: asynchronous
[   10.098685] random: fast init done
[   10.528496] scsi 2:0:1:0: Direct-Access     VBOX     HARDDISK         1.0  PQ: 0 ANSI: 5
[   11.049354] scsi target2:0:1: Beginning Domain Validation
[   11.532710] scsi target2:0:1: Domain Validation skipping write tests
[   12.034828] scsi target2:0:1: Ending Domain Validation
[   12.271538] scsi target2:0:1: asynchronous
[   12.287252] random: systemd-udevd: uninitialized urandom read (16 bytes read)
[   12.535565] random: systemd-udevd: uninitialized urandom read (16 bytes read)
[   13.512903] sd 2:0:0:0: Attached scsi generic sg0 type 0
[   13.512968] random: systemd-udevd: uninitialized urandom read (16 bytes read)
[   13.517554] sd 2:0:1:0: Attached scsi generic sg1 type 0
[   13.517935] sd 2:0:0:0: [sda] 20971520 512-byte logical blocks: (10.7 GB/10.0 GiB)
[   13.518272] sd 2:0:0:0: [sda] Write Protect is off
[   13.518919] sd 2:0:0:0: [sda] Incomplete mode parameter data
[   13.518921] sd 2:0:0:0: [sda] Assuming drive cache: write through
[   13.519537] sd 2:0:1:0: [sdb] 20480 512-byte logical blocks: (10.5 MB/10.0 MiB)
[   13.519838] sd 2:0:1:0: [sdb] Write Protect is off
[   13.520394] sd 2:0:1:0: [sdb] Incomplete mode parameter data
[   13.520396] sd 2:0:1:0: [sdb] Assuming drive cache: write through
[   13.582112] random: systemd-udevd: uninitialized urandom read (16 bytes read)
[   13.634635]  sda: sda1
[   13.636739] random: systemd-udevd: uninitialized urandom read (16 bytes read)
[   13.649250] sd 2:0:0:0: [sda] Attached SCSI disk
[   13.653412] sd 2:0:1:0: [sdb] Attached SCSI disk
Begin: Loading essential drivers ... [   17.940766] raid6: sse2x1   gen()  7097 MB/s
[   17.996219] raid6: sse2x1   xor()  4131 MB/s
[   18.044237] raid6: sse2x2   gen()  7979 MB/s
[   18.100118] raid6: sse2x2   xor()  4901 MB/s
[   18.156103] raid6: sse2x4   gen()  9376 MB/s
[   18.204456] raid6: sse2x4   xor()  5137 MB/s
[   18.210528] raid6: using algorithm sse2x4 gen() 9376 MB/s
[   18.217537] raid6: .... xor() 5137 MB/s, rmw enabled
[   18.220355] raid6: using ssse3x2 recovery algorithm
[   18.224787] xor: automatically using best checksumming function   avx       
[   18.236484] async_tx: api initialized (async)
done.
Begin: Running /scripts/init-premount ... done.
Begin: Mounting root file system ... Begin: Running /scripts/local-top ... done.
Begin: Running /scripts/local-premount ... [   18.315436] Btrfs loaded, crc32c=crc32c-intel
Scanning for Btrfs filesystems
done.
Warning: fsck not present, so skipping root file system
[   18.387966] EXT4-fs (sda1): mounted filesystem with ordered data mode. Opts: (null)
done.
Begin: Running /scripts/local-bottom ... done.
Begin: Running /scripts/init-bottom ... done.
[   18.794252] ip_tables: (C) 2000-2006 Netfilter Core Team
[   18.813471] systemd[1]: systemd 237 running in system mode. (+PAM +AUDIT +SELINUX +IMA +APPARMOR +SMACK +SYSVINIT +UTMP +LIBCRYPTSETUP +GCRYPT +GNUTLS +ACL +XZ +LZ4 +SECCOMP +BLKID +ELFUTILS +KMOD -IDN2 +IDN -PCRE2 default-hierarchy=hybrid)
[   20.279568] systemd[1]: Detected virtualization oracle.
[   20.282120] systemd[1]: Detected architecture x86-64.

Welcome to [1mUbuntu 18.04.3 LTS[0m!

[   20.322557] systemd[1]: Set hostname to <ubuntu>.
[   20.329842] systemd[1]: Initializing machine ID from random generator.
[   20.332786] systemd[1]: Installed transient /etc/machine-id file.
[   21.194247] systemd[1]: Started Forward Password Requests to Wall Directory Watch.
[[0;32m  OK  [0m] Started Forward Password Requests to Wall Directory Watch.
[   21.580221] systemd[1]: Created slice System Slice.
[[0;32m  OK  [0m] Created slice System Slice.
[   21.584138] systemd[1]: Listening on Network Service Netlink Socket.
[[0;32m  OK  [0m] Listening on Network Service Netlink Socket.
[   21.589678] systemd[1]: Listening on Journal Socket (/dev/log).
[[0;32m  OK  [0m] Listening on Journal Socket (/dev/log).
[[0;32m  OK  [0m] Reached target System Time Synchronized.
[[0;32m  OK  [0m] Listening on Journal Socket.
         Starting Uncomplicated firewall...
         Starting Set the console keyboard layout...
         Mounting Huge Pages File System...
         Starting Create list of required st…ce nodes for the current kernel...
         Starting Remount Root and Kernel File Systems...
[[0;32m  OK  [0m] Created slice User and Sessi[   21.707297] EXT4-fs (sda1): re-mounted. Opts: (null)
on Slice.
[[0;32m  OK  [0m] Reached target Slices.
[[0;32m  OK  [0m] Reached target Swap.
[[0;32m  OK  [0m] Created slice system-serial\x2dgetty.slice.
[[0;32m  OK  [0m] Listening on Syslog Socket.
[[0;32m  OK  [0m] Listening on udev Control Socket.
[[0;32m  OK  [0m] Reached target User and Group Name Lookups.
[[0;32m  OK  [0m] Listening on Journal Audit Socket.
         Starting Journal Service...
[[0;32m  OK  [0m] Listening on udev Kernel Socket.
         Starting udev Coldplug all Devices...
[[0;32m  OK  [0m] Listening on LVM2 poll daemon socket.
         Mounting Kernel Debug File System...
[[0;32m  OK  [0m] Listening on /dev/initctl Compatibility Named Pipe.
         Starting Load Kernel Modules...
[[0;32m  OK  [0m] Listening on[   21.880542] Loading iSCSI transport class v2.0-870.
 LVM2 metadata daemon socket.
         Mounting POSIX Message Queue Fil[   21.899333] iscsi: registered transport (tcp)
e System...
[[0;32m  OK  [0m] Listening on Device-mapper event daemon FIFOs.
         Starting Monitoring of LVM2 mirrors…ng dmeventd or progress polling...
[   21.936917] iscsi: registered transport (iser)
[[0;32m  OK  [0m] Set up automount Arbitrary Executab…rmats File System Automount Point.
[[0;32m  OK  [0m] Started Journal Service.
[[0;32m  OK  [0m] Started Uncomplicated firewall.
[[0;32m  OK  [0m] Started Set the console keyboard layout.
[[0;32m  OK  [0m] Mounted Huge Pages File System.
[[0;32m  OK  [0m] Started Create list of required sta…vice nodes for the current kernel.
[[0;32m  OK  [0m] Started Remount Root and Kernel File Systems.
[[0;32m  OK  [0m] Mounted Kernel Debug File System.
[[0;32m  OK  [0m] Started Load Kernel Modules.
[[0;32m  OK  [0m] Mounted POSIX Message Queue File System.
[[0;32m  OK  [0m] Started udev Coldplug all Devices.
[[0;32m  OK  [0m] Started LVM2 metadata daemon.
         Starting Apply Kernel Variables...
         Mounting Kernel Configuration File System...
         Mounting FUSE Control File System...
         Starting Load/Save Random Seed...
         Starting Create Static Device Nodes in /dev...
         Starting Flush Journal to Persistent Storage...
[[0;32m  OK  [0m] Started Monitoring of LVM2 mirrors,…sing dmeventd or progress polling.
[[0;32m  OK  [0m] Started Apply Kernel Variables.
[[0;32m  OK  [0m] Mounted Kernel Configuration File System.
[[0;32m  OK  [0m] Mounted FUSE Control File System.
[[0;32m  OK  [0m] Started Load/Save Random Seed.
[[0;32m  OK  [0m] Started Create Static Device Nodes in /dev.
         Starting udev Kernel Device Manager...
[[0;32m  OK  [0m] Reached target Local File Systems (Pre).
[[0;32m  OK  [0m] Reached target Local File Systems.
         Starting Set console font and keymap...
         Starting ebtables ruleset management...
         Starting AppArmor initialization...
         Starting Tell Plymouth To Write Out Runtime Data...
         Starting Commit a transient machine-id on disk...
[[0;32m  OK  [0m] Started udev Kernel Device Manager.
[[0;32m  OK  [0m] Started Set console font and keymap.
[[0;32m  OK  [0m] Started Tell Plymouth To Write Out Runtime Data.
[[0;32m  OK  [0m] Started Dispatch Password Requests to Console Directory Watch.
[[0;32m  OK  [0m] Reached target Local Encrypted Volumes.
[[0;32m  OK  [0m] Started Flush Journal to Persistent Storage.
         Starting Create Volatile Files and Directories...
[[0;32m  OK  [0m] Started Commit a transient machine-id on disk.
[[0;32m  OK  [0m] Started Create Volatile Files and Directories.
         Starting Update UTMP about System Boot/Shutdown...
[[0;32m  OK  [0m] Started ebtables ruleset management.
[[0;32m  OK  [0m] Started Update UTMP about System Boot/Shutdown.
[[0;32m  OK  [0m] Found device /dev/ttyS0.
[[0;32m  OK  [0m] Listening on Load/Save RF Kill Switch Status /dev/rfkill Watch.
[[0;32m  OK  [0m] Started AppArmor initialization.
         Starting Initial cloud-init job (pre-networking)...
[   26.383942] cloud-init[582]: Cloud-init v. 19.2-36-g059d049c-0ubuntu2~18.04.1 running 'init-local' at Wed, 04 Dec 2019 20:42:56 +0000. Up 25.55 seconds.
[[0;32m  OK  [0m] Started Initial cloud-init job (pre-networking).
[[0;32m  OK  [0m] Reached target Network (Pre).
         Starting Network Service...
[[0;32m  OK  [0m] Started Network Service.
         Starting Network Name Resolution...
         Starting Wait for Network to be Configured...
[[0;32m  OK  [0m] Started Network Name Resolution.
[[0;32m  OK  [0m] Reached target Network.
[[0;32m  OK  [0m] Reached target Host and Network Name Lookups.
[[0;32m  OK  [0m] Started Wait for Network to be Configured.
         Starting Initial cloud-init job (metadata service crawler)...
[   29.658980] cloud-init[697]: Cloud-init v. 19.2-36-g059d049c-0ubuntu2~18.04.1 running 'init' at Wed, 04 Dec 2019 20:43:00 +0000. Up 29.41 seconds.
[   29.685791] cloud-init[697]: ci-info: ++++++++++++++++++++++++++++++++++++++Net device info++++++++++++++++++++++++++++++++++++++
[   29.691398] cloud-init[697]: ci-info: +--------+------+----------------------------+---------------+--------+-------------------+
[   29.709596] cloud-init[697]: ci-info: | Device |  Up  |          Address           |      Mask     | Scope  |     Hw-Address    |
[   29.718736] cloud-init[697]: ci-info: +--------+------+----------------------------+---------------+--------+-------------------+
[   29.723567] cloud-init[697]: ci-info: | enp0s3 | True |         10.0.2.15          | 255.255.255.0 | global | 02:83:96:c1:64:f9 |
[   29.758325] cloud-init[697]: ci-info: | enp0s3 | True | fe80::83:96ff:fec1:64f9/64 |       .       |  link  | 02:83:96:c1:64:f9 |
[   29.763215] cloud-init[697]: ci-info: |   lo   | True |         127.0.0.1          |   255.0.0.0   |  host  |         .         |
[   29.767732] cloud-init[697]: ci-info: |   lo   | True |          ::1/128           |       .       |  host  |         .         |
[   29.778485] cloud-init[697]: ci-info: +--------+------+----------------------------+---------------+--------+-------------------+
[   29.785501] cloud-init[697]: ci-info: ++++++++++++++++++++++++++++Route IPv4 info+++++++++++++++++++++++++++++
[   29.789369] cloud-init[697]: ci-info: +-------+-------------+----------+-----------------+-----------+-------+
[   29.793218] cloud-init[697]: ci-info: | Route | Destination | Gateway  |     Genmask     | Interface | Flags |
[   29.797137] cloud-init[697]: ci-info: +-------+-------------+----------+-----------------+-----------+-------+
[   29.801108] cloud-init[697]: ci-info: |   0   |   0.0.0.0   | 10.0.2.2 |     0.0.0.0     |   enp0s3  |   UG  |
[   29.805080] cloud-init[697]: ci-info: |   1   |   10.0.2.0  | 0.0.0.0  |  255.255.255.0  |   enp0s3  |   U   |
[   29.808862] cloud-init[697]: ci-info: |   2   |   10.0.2.2  | 0.0.0.0  | 255.255.255.255 |   enp0s3  |   UH  |
[   29.812874] cloud-init[697]: ci-info: +-------+-------------+----------+-----------------+-----------+-------+
[   29.817396] cloud-init[697]: ci-info: +++++++++++++++++++Route IPv6 info+++++++++++++++++++
[   29.840399] cloud-init[697]: ci-info: +-------+-------------+---------+-----------+-------+
[   29.845016] cloud-init[697]: ci-info: | Route | Destination | Gateway | Interface | Flags |
[   29.850100] cloud-init[697]: ci-info: +-------+-------------+---------+-----------+-------+
[   29.853921] cloud-init[697]: ci-info: |   1   |  fe80::/64  |    ::   |   enp0s3  |   U   |
[   29.858198] cloud-init[697]: ci-info: |   3   |    local    |    ::   |   enp0s3  |   U   |
[   29.861848] cloud-init[697]: ci-info: |   4   |   ff00::/8  |    ::   |   enp0s3  |   U   |
[   29.866808] cloud-init[697]: ci-info: +-------+-------------+---------+-----------+-------+
[   30.777717] cloud-init[697]: Generating public/private rsa key pair.
[   30.808637] cloud-init[697]: Your identification has been saved in /etc/ssh/ssh_host_rsa_key.
[   30.814312] cloud-init[697]: Your public key has been saved in /etc/ssh/ssh_host_rsa_key.pub.
[   30.835353] cloud-init[697]: The key fingerprint is:
[   30.853348] cloud-init[697]: SHA256:rGHPnIIY0jinPMuZb7eV8Sbd78bs1/yCjAkDDpCyQIA root@ubuntu-bionic
[[0;32m  OK  [0m] Started Initial cloud-init job (metadata service crawler).
[   30.878335] cloud-init[697]: The key's randomart image is:
[[0;32m  OK  [0m] Reached target System Initialization.
[   30.887376] cloud-init[697]: +---[RSA 2048]----+
[[0;32m  OK  [0m] Listening on D-Bus System Message Bus Socket.
[   30.909258] cloud-init[697]: |=. .             |
[[0;32m  OK  [0m] Started Daily apt download activities.
[   30.933487] cloud-init[697]: |E o              |
[[0;32m  OK  [0m] Started Daily apt upgrade and clean activities.
[   30.953136] cloud-init[697]: |.o .             |
         Starting Socket activation for snappy daemon.
[   30.980744] cloud-init[697]: |.o  . ..         |
[[0;32m  OK  [0m] Started Discard unused blocks once a week.
[   31.017297] cloud-init[697]: |+ +  oooS        |
[[0;32m  OK  [0m] Listening on ACPID Listen Socket.
[   31.030155] cloud-init[697]: |.= o o.*B..      |
[[0;32m  OK  [0m] Listening on Open-iSCSI iscsid Socket.
[   31.034347] cloud-init[697]: |.o. . o+=* =o. ..|
[[0;32m  OK  [0m] Listening on UUID daemon activation socket.
[   31.040181] cloud-init[697]: |. =. ...o o ++..o|
[   31.051023]          cloud-initStarting LXD - unix socket.[697]: 
| =o....     ++..o|
[   31.055444] cloud-init[697]: +----[SHA256]-----+
[[0;32m  OK  [0m] Started Message of the Day.
[   31.064442] cloud-init[697]: Generating public/private dsa key pair.
[[0;32m  OK  [0m] Started Daily Cleanup of Temporary Directories.
[   31.077913] cloud-init[697]: Your identification has been saved in /etc/ssh/ssh_host_dsa_key.
[[0;32m  OK  [0m] Reached target Timers.
[   31.124973] cloud-init[697]: Your public key has been saved in /etc/ssh/ssh_host_dsa_key.pub.
[[0;32m  OK  [0m] Started ACPI Events Check.
[[   31.132069] [0;32m  OK  [0mcloud-init] [697]: Reached target Paths.The key fingerprint is:

[[0;32m  OK  [0m] Reached target Network is Online.
[   31.139278] cloud-init[697]: SHA256:rWPaGqvD66+vmUi/jmAEsHRukfXMjBQ0Hneb5avzFZs root@ubuntu-bionic
         Starting Availability of block devices...
[   31.180284] cloud-init[697]: The key's randomart image is:
[[0;32m  OK  [0m] Reached target Remote File Systems (Pre).
[   31.188172] [cloud-init[0;32m  OK  [0m[697]: ] +---[DSA 1024]----+Reached target Remote File Systems.

[[0;32m  OK  [0m] Reached target Cloud-config availability.
[   31.198074] cloud-init[697]: |.. o+B.. . .     |
[[0;32m  OK  [0m] Listening on Socket activation for snappy daemon.
[   31.215005] cloud-init[697]: |o.o.+ X . =      |
[[0;32m  OK  [0m] Listening on LXD - unix socket.
[   31.232890] cloud-init[697]: |o  o o = o .     |
[[0;32m  OK  [0m] Started Availability of block devices.
[   31.274012] cloud-init[697]: |. .      .  .    |
[   31.385393] [cloud-init[0;32m  OK  [0m[697]: ] | .      S .. .   |Reached target Sockets.

[   31.497334] cloud-init[697]: |.        ..   +  |
[[0;32m  OK  [0m] Reached target Basic System.
[   31.568611] cloud-init[697]: |....  . +o   E   |
[[0;32m  OK  [0m] Started FUSE filesystem for LXC.
[   31.692640] cloud-init[697]: |.o +oo * .o .    |
         Starting LSB: Record successful boot for GRUB...
[   31.809386] cloud-init[697]: |  oo%X*..  .     |
[   31.928969]          cloud-initStarting System Logging Service...[697]: 
+----[SHA256]-----+
         Starting LSB: automatic crash report generation...
[   32.018234] cloud-init[697]: Generating public/private ecdsa key pair.
[[0;32m  OK  [0m] Started D-Bus System Message Bus.
[   32.150500] cloud-init[697]: Your identification has been saved in /etc/ssh/ssh_host_ecdsa_key.
[[0;32m  OK  [0m] Started irqbalance daemon.
[   32.310056] cloud-init[697]: Your public key has been saved in /etc/ssh/ssh_host_ecdsa_key.pub.
[   32.416017] cloud-init         Starting Accounts Service...
[697]: The key fingerprint is:
[   32.426700]          Starting Virtualbox guest utils...
cloud-init[697]: SHA256:Rg3I/+Pu5JfC3QEsFOkCREd4YA216wxZ1ym4tLzyRRU root@ubuntu-bionic
         [   32.468756] Starting Dispatcher daemon for systemd-networkd...cloud-init
[697]: The key's randomart image is:
[[0;32m  OK  [0m] Started Regular background program processing daemon.
[   32.483362] cloud-init[697]: +---[ECDSA 256]---+
         [   32.568880] Starting Login Service...cloud-init
[697]: |     +*O= .oE    |
[[0;32m  OK  [0m] Started Deferred execution scheduler.
[   32.717660] cloud-init[697]: |     .=.o=o. o   |
         Starting Permit User Sessions...
[   32.851254] cloud-init[697]: |       +*o+.+    |         Starting Pollinate to seed the pseudo random number generator...

         Starting LXD - container startup/shutdown...
[   32.890432] cloud-init[697]: |       *o=ooo    |
[   32.923677] cloud-init[697]: |      o So.. .   |
[   32.939346] cloud-init[697]: |       = oo   .  |
[   32.965318] cloud-init[697]: |      . +ooo o . |
[   32.992723] cloud-init[697]: |       o ++ + .  |
[   32.998832] cloud-init[697]: |        .o+o     |
         Starting Snappy daemon...
[   33.049403] cloud-init[697]: +----[SHA256]-----+
[[0;32m  OK  [0m] Started System Logging Service.
[   33.136879] cloud-init[697]: Generating public/private ed25519 key pair.
[[0;32m  OK  [0m] Started Dispatcher daemon for systemd-networkd.
[   33.224918] cloud-init[697]: Your identification has been saved in /etc/ssh/ssh_host_ed25519_key.
[[0;32m  OK  [0m] Started Permit User Sessions.
[   33.312405] cloud-init[697]: Your public key has been saved in /etc/ssh/ssh_host_ed25519_key.pub.
[[0;32m  OK  [0m] Started LXD - container startup/shutdown.
[   33.343985] cloud-init[697]: The key fingerprint is:
[   33.349241] cloud-init[697]: SHA256:BSdelF9QPbsUo8LB/KHiKUYUFDNo+kHbdi1OzoYZSyU root@ubuntu-bionic
[   33.375779] cloud-init[697]: The key's randomart image is:
[[0;32m  OK  [0m] Started Login Service.
[   33.442465] cloud-init[697]: +--[ED25519 256]--+
[[0;32m  OK  [0m] Started LSB: automatic crash report generation.
[   33.534305] cloud-init[697]: |      o*=.*..o.. |
[[   33.636791] [0;32m  OK  [0mcloud-init] [697]: Started LSB: Record successful boot for GRUB.|     + Eo*.+ ..+.|

[[0;32m  OK  [0m] Started Unattended Upgrades Shutdown.
[   33.736642] cloud-init[697]: |    + + + +.+.o =|
[   33.992794]          cloud-initStarting Authorization Manager...[697]: 
|   . o * * =.o o |
         Starting Terminate Plymouth Boot Screen...
[   34.093065] cloud-init[697]: |    . = S + . . .|
         Starting Hold until boot process finishes up...
[   34.219435] cloud-init[697]: |     . * B     . |
[[0;32m  OK  [0m] Started Snappy daemon.
[   34.269630] [[0;32m  OK  [0m] Started Virtualbox guest utils.
[[0;32m  OK  [0m] Started Pollinate to seed the pseudo random number generator.
[[0;32m  OK  [0m] Started Terminate Plymouth Boot Screen.
cloud-init[697]: |      . o        |
[   34.308821] [[0;32m  OK  [0m] Started Hold until boot process finishes up.
[[0;32m  OK  [0m] Started Authorization Manager.
[[0;32m  OK  [0m] Started Accounts Service.
[[0;32m  OK  [0m] Started Serial Getty on ttyS0.
cloud-init         Starting Set console scheme...
[697]: |                 |
[   34.364788] cloud-init[697]: |                 |
[   34.400801] cloud-init[697]: +----[SHA256]-----+
         Starting OpenBSD Secure Shell server...
         Starting Wait until snapd is fully seeded...
[[0;32m  OK  [0m] Started Set console scheme.
[[0;32m  OK  [0m] Created slice system-getty.slice.
[[0;32m  OK  [0m] Started Getty on tty1.
[[0;32m  OK  [0m] Reached target Login Prompts.
[[0;32m  OK  [0m] Started OpenBSD Secure Shell server.
[[0;32m  OK  [0m] Created slice User Slice of vagrant.
         Starting User Manager for UID 1000...
[[0;32m  OK  [0m] Started Session 1 of user vagrant.
[[0;32m  OK  [0m] Started User Manager for UID 1000.
[[0;32m  OK  [0m] Started Wait until snapd is fully seeded.
[[0;32m  OK  [0m] Reached target Multi-User System.
[[0;32m  OK  [0m] Reached target Graphical Interface.
         Starting Update UTMP about System Runlevel Changes...
         Starting Apply the settings specified in cloud-config...
[[0;32m  OK  [0m] Started Update UTMP about System Runlevel Changes.
[   37.627344] cloud-init[1358]: Cloud-init v. 19.2-36-g059d049c-0ubuntu2~18.04.1 running 'modules:config' at Wed, 04 Dec 2019 20:43:07 +0000. Up 36.55 seconds.
[[0;32m  OK  [0m] Started Apply the settings specified in cloud-config.
         Starting Execute cloud user/final scripts...
ci-info: no authorized ssh keys fingerprints found for user ubuntu.
<14>Dec  4 20:43:10 ec2: 
<14>Dec  4 20:43:10 ec2: #############################################################
<14>Dec  4 20:43:10 ec2: -----BEGIN SSH HOST KEY FINGERPRINTS-----
<14>Dec  4 20:43:10 ec2: 1024 SHA256:rWPaGqvD66+vmUi/jmAEsHRukfXMjBQ0Hneb5avzFZs root@ubuntu-bionic (DSA)
<14>Dec  4 20:43:10 ec2: 256 SHA256:Rg3I/+Pu5JfC3QEsFOkCREd4YA216wxZ1ym4tLzyRRU root@ubuntu-bionic (ECDSA)
<14>Dec  4 20:43:10 ec2: 256 SHA256:BSdelF9QPbsUo8LB/KHiKUYUFDNo+kHbdi1OzoYZSyU root@ubuntu-bionic (ED25519)
<14>Dec  4 20:43:10 ec2: 2048 SHA256:rGHPnIIY0jinPMuZb7eV8Sbd78bs1/yCjAkDDpCyQIA root@ubuntu-bionic (RSA)
<14>Dec  4 20:43:10 ec2: -----END SSH HOST KEY FINGERPRINTS-----
<14>Dec  4 20:43:10 ec2: #######[   39.405429] cloud-init[1442]: Cloud-init v. 19.2-36-g059d049c-0ubuntu2~18.04.1 running 'modules:final' at Wed, 04 Dec 2019 20:43:09 +0000. Up 38.97 seconds.
[   39.452596] cloud-init[1442]: ci-info: no authorized ssh keys fingerprints found for user ubuntu.
[   39.453066] cloud-init[1442]: Cloud-init v. 19.2-36-g059d049c-0ubuntu2~18.04.1 finished at Wed, 04 Dec 2019 20:43:10 +0000. Datasource DataSourceNoCloud [seed=/dev/sdb][dsmode=net].  Up 39.38 seconds

Ubuntu 18.04.3 LTS ubuntu-bionic ttyS0

ubuntu-bionic login: [[0;32m  OK  [0m] Stopped target Cloud-init target.
[[0;32m  OK  [0m] Stopped Executed[[0;32m  OK  [0m] Stopped Wait until snapd is fully seeded.
         Stopping System Logging Service...
         Stopping LXD - container startup/shutdown...
         Stopping FUSE filesystem for LXC...
         Stopping irqbalance daemon...
         Stopping OpenBSD Secure Shell server...
         Stopping Login Service...
         Stopping vboxadd-service.service...
         Stopping Dispatcher daemon for systemd-networkd...
         Stopping D-Bus System Message Bus...
         Stopping LSB: automatic crash report generation...
         Stopping LSB: Record successful boot for GRUB...
         Stopping Regular background program processing daemon...
         Stopping Deferred execution scheduler...
[[0;32m  OK  [0m] Stopped Message of the Day.
[[0;32m  OK  [0m] Stopped target System Time Synchronized.
[[0;32m  OK  [0m] Unmounted /var/lib/lxcfs.
[[0;32m  OK  [0m] Stopped System Logging Service.
[[0;32m  OK  [0m] Stopped irqbalance daemon.
[[0;32m  OK  [0m] Stopped Accounts Service.
[[0;32m  OK  [0m] Stopped Dispatcher daemon for systemd-networkd.
[[0;32m  OK  [0m] Stopped Regular background program processing daemon.
[[0;32m  OK  [0m] Stopped Login Service.
[[0;32m  OK  [0m] Stopped Deferred execution scheduler.
[[0;32m  OK  [0m] Stopped Authorization Manager.
[[0;32m  OK  [0m] Stopped Serial Getty on ttyS0.
[[0;32m  OK  [0m] Stopped OpenBSD Secure Shell server.
[[0;32m  OK  [0m] Stopped Getty on tty1.
[[0;32m  OK  [0m] Stopped Availability of block devices.
[[0;32m  OK  [0m] Stopped vboxadd-service.service.
[[0;32m  OK  [0m] Stopped D-Bus System Message Bus.
[[0;32m  OK  [0m] Stopped FUSE filesystem for LXC.
         Stopping vboxadd.service...
[[0;32m  OK  [0m] Removed slice system-getty.slice.
         Stopping Permit User Sessions...
[[0;32m  OK  [0m] Removed slice system-serial\x2dgetty.slice.
[[0;32m  OK  [0m] Stopped LXD - container startup/shutdown.
[[0;32m  OK  [0m] Stopped Permit User Sessions.
[[0;32m  OK  [0m] Stopped target Network.
         Stopping Network Name Resolution...
[[0;32m  OK  [0m] Stopped target User and Group Name Lookups.
[[0;32m  OK  [0m] Stopped LSB: automatic crash report generation.
[[0;32m  OK  [0m] Stopped LSB: Record successful boot for GRUB.
[[0;32m  OK  [0m] Stopped Network Name Resolution.
[[0;32m  OK  [0m] Stopped target Remote File Systems.
[[0;32m  OK  [0m] Stopped target Remote File Systems (Pre).
[[0;32m  OK  [0m] Unmounted /vagrant.
[[0;32m  OK  [0m] Stopped vboxadd.service.
[[0;32m  OK  [0m] Stopped target Basic System.
[[0;32m  OK  [0m] Stopped target Paths.
[[0;32m  OK  [0m] Stopped ACPI Events Check.
[[0;32m  OK  [0m] Stopped target Slices.
[[0;32m  OK  [0m] Removed slice User and Session Slice.
[[0;32m  OK  [0m] Stopped target Sockets.
[[0;32m  OK  [0m] Closed Open-iSCSI iscsid Socket.
[[0;32m  OK  [0m] Closed D-Bus System Message Bus Socket.
[[0;32m  OK  [0m] Closed Socket activation for snappy daemon.
[[0;32m  OK  [0m] Closed ACPID Listen Socket.
[[0;32m  OK  [0m] Closed LXD - unix socket.
[[0;32m  OK  [0m] Closed Syslog Socket.
[[0;32m  OK  [0m] Closed UUID daemon activation socket.
[[0;32m  OK  [0m] Stopped target System Initialization.
[[0;32m  OK  [0m] Stopped target Local Encrypted Volumes.
[[0;32m  OK  [0m] Stopped Forward Password Requests to Wall Directory Watch.
[[0;32m  OK  [0m] Stopped Dispatch Password Requests to Console Directory Watch.
[[0;32m  OK  [0m] Stopped Commit a transient machine-id on disk.
[[0;32m  OK  [0m] Stopped target Swap.
         Stopping Load/Save Random Seed...
[[0;32m  OK  [0m] Stopped Initial cloud-init job (metadata service crawler).
[[0;32m  OK  [0m] Stopped Wait for Network to be Configured.
         Stopping Network Service...
         Stopping Update UTMP about System Boot/Shutdown...
[[0;32m  OK  [0m] Reached target Unmount All Filesystems.
[[0;32m  OK  [0m] Stopped Load/Save Random Seed.
[[0;32m  OK  [0m] Stopped Update UTMP about System Boot/Shutdown.
[[0;32m  OK  [0m] Stopped Create Volatile Files and Directories.
[[0;32m  OK  [0m] Stopped target Local File Systems.
[[0;32m  OK  [0m] Stopped target Local File Systems (Pre).
[[0;32m  OK  [0m] Stopped Create Static Device Nodes in /dev.
         Stopping Monitoring of LVM2 mirrors…ng dmeventd or progress polling...
[[0;32m  OK  [0m] Stopped Network Service.
[[0;32m  OK  [0m] Stopped Monitoring of LVM2 mirrors,…sing dmeventd or progress polling.
         Stopping LVM2 metadata daemon...
[[0;32m  OK  [0m] Stopped Apply Kernel Variables.
[[0;32m  OK  [0m] Stopped Load Kernel Modules.
[[0;32m  OK  [0m] Stopped target Network (Pre).
[[0;32m  OK  [0m] Stopped Initial cloud-init job (pre-networking).
[[0;32m  OK  [0m] Stopped Remount Root and Kernel File Systems.
[[0;32m  OK  [0m] Reached target Shutdown.
[[0;32m  OK  [0m] Reached target Final Step.
         Starting Power-Off...
[[0;32m  OK  [0m] Stopped LVM2 metadata daemon.
[160999.906117] reboot: Power down
